mode: atomic
github.com/RedisAI/redisai-go/redisai/common.go:85.121,88.24 3 54
github.com/RedisAI/redisai-go/redisai/common.go:91.2,92.17 2 54
github.com/RedisAI/redisai-go/redisai/common.go:131.2,131.18 1 54
github.com/RedisAI/redisai-go/redisai/common.go:88.24,90.3 1 12
github.com/RedisAI/redisai-go/redisai/common.go:92.17,94.16 2 44
github.com/RedisAI/redisai-go/redisai/common.go:95.39,96.15 1 8
github.com/RedisAI/redisai-go/redisai/common.go:97.38,98.33 1 8
github.com/RedisAI/redisai-go/redisai/common.go:99.27,100.15 1 0
github.com/RedisAI/redisai-go/redisai/common.go:101.37,102.15 1 4
github.com/RedisAI/redisai-go/redisai/common.go:103.38,104.15 1 8
github.com/RedisAI/redisai-go/redisai/common.go:105.39,106.15 1 12
github.com/RedisAI/redisai-go/redisai/common.go:107.39,108.15 1 12
github.com/RedisAI/redisai-go/redisai/common.go:109.39,110.15 1 16
github.com/RedisAI/redisai-go/redisai/common.go:111.38,112.15 1 16
github.com/RedisAI/redisai-go/redisai/common.go:113.40,114.15 1 20
github.com/RedisAI/redisai-go/redisai/common.go:115.41,116.15 1 28
github.com/RedisAI/redisai-go/redisai/common.go:117.41,118.43 1 32
github.com/RedisAI/redisai-go/redisai/common.go:120.40,121.15 1 2
github.com/RedisAI/redisai-go/redisai/common.go:123.40,124.15 1 4
github.com/RedisAI/redisai-go/redisai/common.go:126.11,127.117 1 4
github.com/RedisAI/redisai-go/redisai/common.go:134.103,136.24 2 4
github.com/RedisAI/redisai-go/redisai/common.go:139.2,140.21 2 4
github.com/RedisAI/redisai-go/redisai/common.go:143.2,143.22 1 4
github.com/RedisAI/redisai-go/redisai/common.go:146.2,146.13 1 4
github.com/RedisAI/redisai-go/redisai/common.go:136.24,138.3 1 1
github.com/RedisAI/redisai-go/redisai/common.go:140.21,142.3 1 3
github.com/RedisAI/redisai-go/redisai/common.go:143.22,145.3 1 3
github.com/RedisAI/redisai-go/redisai/common.go:150.81,151.16 1 35
github.com/RedisAI/redisai-go/redisai/common.go:154.2,154.31 1 34
github.com/RedisAI/redisai-go/redisai/common.go:179.2,179.92 1 1
github.com/RedisAI/redisai-go/redisai/common.go:151.16,153.3 1 1
github.com/RedisAI/redisai-go/redisai/common.go:155.14,156.16 1 32
github.com/RedisAI/redisai-go/redisai/common.go:174.3,174.17 1 32
github.com/RedisAI/redisai-go/redisai/common.go:175.11,176.20 1 1
github.com/RedisAI/redisai-go/redisai/common.go:157.16,158.18 1 4
github.com/RedisAI/redisai-go/redisai/common.go:159.17,160.19 1 4
github.com/RedisAI/redisai-go/redisai/common.go:161.15,162.17 1 5
github.com/RedisAI/redisai-go/redisai/common.go:163.16,164.18 1 4
github.com/RedisAI/redisai-go/redisai/common.go:165.16,166.18 1 4
github.com/RedisAI/redisai-go/redisai/common.go:167.16,168.18 1 4
github.com/RedisAI/redisai-go/redisai/common.go:169.16,170.18 1 4
github.com/RedisAI/redisai-go/redisai/common.go:171.17,172.19 1 3
github.com/RedisAI/redisai-go/redisai/common.go:182.93,184.19 2 27
github.com/RedisAI/redisai-go/redisai/common.go:188.2,190.21 3 24
github.com/RedisAI/redisai-go/redisai/common.go:184.19,187.3 2 3
github.com/RedisAI/redisai-go/redisai/common.go:193.83,194.19 1 3
github.com/RedisAI/redisai-go/redisai/common.go:198.2,199.18 2 2
github.com/RedisAI/redisai-go/redisai/common.go:194.19,197.3 2 1
github.com/RedisAI/redisai-go/redisai/common.go:202.85,203.19 1 17
github.com/RedisAI/redisai-go/redisai/common.go:207.2,207.28 1 16
github.com/RedisAI/redisai-go/redisai/common.go:228.2,228.18 1 16
github.com/RedisAI/redisai-go/redisai/common.go:203.19,206.3 2 1
github.com/RedisAI/redisai-go/redisai/common.go:208.17,209.40 1 2
github.com/RedisAI/redisai-go/redisai/common.go:210.18,211.46 1 2
github.com/RedisAI/redisai-go/redisai/common.go:212.16,213.37 1 2
github.com/RedisAI/redisai-go/redisai/common.go:214.17,215.38 1 2
github.com/RedisAI/redisai-go/redisai/common.go:216.17,217.42 1 2
github.com/RedisAI/redisai-go/redisai/common.go:218.17,219.44 1 2
github.com/RedisAI/redisai-go/redisai/common.go:220.17,221.38 1 2
github.com/RedisAI/redisai-go/redisai/common.go:222.18,223.39 1 2
github.com/RedisAI/redisai-go/redisai/common.go:232.64,234.56 2 3
github.com/RedisAI/redisai-go/redisai/common.go:243.2,243.20 1 3
github.com/RedisAI/redisai-go/redisai/common.go:234.56,234.87 1 2
github.com/RedisAI/redisai-go/redisai/common.go:234.122,236.10 2 2
github.com/RedisAI/redisai-go/redisai/common.go:239.3,241.13 3 2
github.com/RedisAI/redisai-go/redisai/common.go:236.10,238.4 1 0
github.com/RedisAI/redisai-go/redisai/common.go:247.62,250.16 3 3
github.com/RedisAI/redisai-go/redisai/common.go:253.2,253.25 1 2
github.com/RedisAI/redisai-go/redisai/common.go:256.2,256.20 1 2
github.com/RedisAI/redisai-go/redisai/common.go:250.16,252.3 1 1
github.com/RedisAI/redisai-go/redisai/common.go:253.25,255.3 1 2
github.com/RedisAI/redisai-go/redisai/common.go:260.60,263.16 3 3
github.com/RedisAI/redisai-go/redisai/common.go:266.2,266.25 1 2
github.com/RedisAI/redisai-go/redisai/common.go:269.2,269.20 1 2
github.com/RedisAI/redisai-go/redisai/common.go:263.16,265.3 1 1
github.com/RedisAI/redisai-go/redisai/common.go:266.25,268.3 1 2
github.com/RedisAI/redisai-go/redisai/common.go:273.60,276.16 3 3
github.com/RedisAI/redisai-go/redisai/common.go:279.2,279.25 1 2
github.com/RedisAI/redisai-go/redisai/common.go:282.2,282.20 1 2
github.com/RedisAI/redisai-go/redisai/common.go:276.16,278.3 1 1
github.com/RedisAI/redisai-go/redisai/common.go:279.25,281.3 1 2
github.com/RedisAI/redisai-go/redisai/common.go:286.58,289.16 3 3
github.com/RedisAI/redisai-go/redisai/common.go:292.2,292.25 1 2
github.com/RedisAI/redisai-go/redisai/common.go:295.2,295.20 1 2
github.com/RedisAI/redisai-go/redisai/common.go:289.16,291.3 1 1
github.com/RedisAI/redisai-go/redisai/common.go:292.25,294.3 1 2
github.com/RedisAI/redisai-go/redisai/common.go:298.125,299.16 1 3
github.com/RedisAI/redisai-go/redisai/common.go:302.2,302.31 1 3
github.com/RedisAI/redisai-go/redisai/common.go:317.2,317.83 1 0
github.com/RedisAI/redisai-go/redisai/common.go:299.16,301.3 1 0
github.com/RedisAI/redisai-go/redisai/common.go:303.21,305.24 2 2
github.com/RedisAI/redisai-go/redisai/common.go:313.3,313.13 1 2
github.com/RedisAI/redisai-go/redisai/common.go:314.11,315.16 1 1
github.com/RedisAI/redisai-go/redisai/common.go:305.24,306.23 1 2
github.com/RedisAI/redisai-go/redisai/common.go:309.4,309.46 1 2
github.com/RedisAI/redisai-go/redisai/common.go:306.23,307.13 1 0
github.com/RedisAI/redisai-go/redisai/common.go:309.46,311.5 1 0
github.com/RedisAI/redisai-go/redisai/common.go:320.61,325.2 4 1
github.com/RedisAI/redisai-go/redisai/client.go:21.56,23.17 2 11
github.com/RedisAI/redisai-go/redisai/client.go:33.2,41.10 2 11
github.com/RedisAI/redisai-go/redisai/client.go:23.17,27.44 1 1
github.com/RedisAI/redisai-go/redisai/client.go:27.44,27.73 1 0
github.com/RedisAI/redisai-go/redisai/client.go:29.8,31.3 1 10
github.com/RedisAI/redisai-go/redisai/client.go:45.38,46.25 1 4
github.com/RedisAI/redisai-go/redisai/client.go:56.2,56.8 1 4
github.com/RedisAI/redisai-go/redisai/client.go:46.25,48.17 2 3
github.com/RedisAI/redisai-go/redisai/client.go:51.3,52.17 2 3
github.com/RedisAI/redisai-go/redisai/client.go:48.17,50.4 1 0
github.com/RedisAI/redisai-go/redisai/client.go:52.17,54.4 1 0
github.com/RedisAI/redisai-go/redisai/client.go:59.33,60.25 1 111
github.com/RedisAI/redisai-go/redisai/client.go:60.25,62.3 1 78
github.com/RedisAI/redisai-go/redisai/client.go:65.59,69.2 3 1
github.com/RedisAI/redisai-go/redisai/client.go:71.48,76.2 4 0
github.com/RedisAI/redisai-go/redisai/client.go:78.38,79.45 1 4
github.com/RedisAI/redisai-go/redisai/client.go:83.2,83.8 1 4
github.com/RedisAI/redisai-go/redisai/client.go:79.45,82.3 2 4
github.com/RedisAI/redisai-go/redisai/client.go:87.59,88.45 1 2
github.com/RedisAI/redisai-go/redisai/client.go:91.2,91.8 1 0
github.com/RedisAI/redisai-go/redisai/client.go:88.45,90.3 1 2
github.com/RedisAI/redisai-go/redisai/client.go:94.79,96.16 2 17
github.com/RedisAI/redisai-go/redisai/client.go:101.2,102.8 2 17
github.com/RedisAI/redisai-go/redisai/client.go:96.16,98.3 1 0
github.com/RedisAI/redisai-go/redisai/client.go:105.56,107.78 2 17
github.com/RedisAI/redisai-go/redisai/client.go:111.2,111.8 1 17
github.com/RedisAI/redisai-go/redisai/client.go:107.78,110.3 2 12
github.com/RedisAI/redisai-go/redisai/client.go:114.95,117.22 3 34
github.com/RedisAI/redisai-go/redisai/client.go:131.2,131.8 1 34
github.com/RedisAI/redisai-go/redisai/client.go:117.22,119.3 1 7
github.com/RedisAI/redisai-go/redisai/client.go:119.8,122.13 3 27
github.com/RedisAI/redisai-go/redisai/client.go:123.30,124.49 1 3
github.com/RedisAI/redisai-go/redisai/client.go:125.32,126.51 1 17
github.com/RedisAI/redisai-go/redisai/client.go:127.11,128.157 1 7
github.com/RedisAI/redisai-go/redisai/client.go:135.103,137.16 2 9
github.com/RedisAI/redisai-go/redisai/client.go:140.2,140.20 1 9
github.com/RedisAI/redisai-go/redisai/client.go:144.2,144.58 1 8
github.com/RedisAI/redisai-go/redisai/client.go:137.16,139.3 1 0
github.com/RedisAI/redisai-go/redisai/client.go:140.20,143.3 2 1
github.com/RedisAI/redisai-go/redisai/client.go:148.83,150.16 2 7
github.com/RedisAI/redisai-go/redisai/client.go:153.2,153.20 1 7
github.com/RedisAI/redisai-go/redisai/client.go:157.2,157.49 1 6
github.com/RedisAI/redisai-go/redisai/client.go:150.16,152.3 1 0
github.com/RedisAI/redisai-go/redisai/client.go:153.20,156.3 2 1
github.com/RedisAI/redisai-go/redisai/client.go:161.96,163.16 2 2
github.com/RedisAI/redisai-go/redisai/client.go:166.2,166.20 1 2
github.com/RedisAI/redisai-go/redisai/client.go:170.2,170.67 1 1
github.com/RedisAI/redisai-go/redisai/client.go:163.16,165.3 1 0
github.com/RedisAI/redisai-go/redisai/client.go:166.20,169.3 2 1
github.com/RedisAI/redisai-go/redisai/client.go:173.72,176.22 3 3
github.com/RedisAI/redisai-go/redisai/client.go:192.2,192.8 1 2
github.com/RedisAI/redisai-go/redisai/client.go:176.22,178.3 1 1
github.com/RedisAI/redisai-go/redisai/client.go:178.8,180.17 2 2
github.com/RedisAI/redisai-go/redisai/client.go:183.3,184.21 2 1
github.com/RedisAI/redisai-go/redisai/client.go:188.3,190.43 3 1
github.com/RedisAI/redisai-go/redisai/client.go:180.17,182.4 1 1
github.com/RedisAI/redisai-go/redisai/client.go:184.21,187.4 2 0
github.com/RedisAI/redisai-go/redisai/client.go:195.52,198.22 3 2
github.com/RedisAI/redisai-go/redisai/client.go:203.2,203.8 1 2
github.com/RedisAI/redisai-go/redisai/client.go:198.22,200.3 1 1
github.com/RedisAI/redisai-go/redisai/client.go:200.8,202.3 1 1
github.com/RedisAI/redisai-go/redisai/client.go:206.73,209.22 3 3
github.com/RedisAI/redisai-go/redisai/client.go:224.2,224.8 1 2
github.com/RedisAI/redisai-go/redisai/client.go:209.22,211.3 1 1
github.com/RedisAI/redisai-go/redisai/client.go:211.8,213.17 2 2
github.com/RedisAI/redisai-go/redisai/client.go:216.3,217.21 2 1
github.com/RedisAI/redisai-go/redisai/client.go:221.3,222.44 2 1
github.com/RedisAI/redisai-go/redisai/client.go:213.17,215.4 1 1
github.com/RedisAI/redisai-go/redisai/client.go:217.21,220.4 2 0
github.com/RedisAI/redisai-go/redisai/client.go:227.53,230.22 3 3
github.com/RedisAI/redisai-go/redisai/client.go:235.2,235.8 1 3
github.com/RedisAI/redisai-go/redisai/client.go:230.22,232.3 1 1
github.com/RedisAI/redisai-go/redisai/client.go:232.8,234.3 1 2
github.com/RedisAI/redisai-go/redisai/client.go:238.91,241.22 3 2
github.com/RedisAI/redisai-go/redisai/client.go:246.2,246.8 1 2
github.com/RedisAI/redisai-go/redisai/client.go:241.22,243.3 1 1
github.com/RedisAI/redisai-go/redisai/client.go:243.8,245.3 1 1
github.com/RedisAI/redisai-go/redisai/client.go:250.140,252.21 2 9
github.com/RedisAI/redisai-go/redisai/client.go:255.2,255.22 1 9
github.com/RedisAI/redisai-go/redisai/client.go:258.2,261.22 3 9
github.com/RedisAI/redisai-go/redisai/client.go:266.2,266.8 1 9
github.com/RedisAI/redisai-go/redisai/client.go:252.21,254.3 1 9
github.com/RedisAI/redisai-go/redisai/client.go:255.22,257.3 1 9
github.com/RedisAI/redisai-go/redisai/client.go:261.22,263.3 1 1
github.com/RedisAI/redisai-go/redisai/client.go:263.8,265.3 1 8
github.com/RedisAI/redisai-go/redisai/client.go:270.148,272.16 2 2
github.com/RedisAI/redisai-go/redisai/client.go:275.2,275.65 1 1
github.com/RedisAI/redisai-go/redisai/client.go:272.16,274.3 1 1
github.com/RedisAI/redisai-go/redisai/client.go:279.87,282.22 3 3
github.com/RedisAI/redisai-go/redisai/client.go:287.2,287.8 1 3
github.com/RedisAI/redisai-go/redisai/client.go:282.22,284.3 1 1
github.com/RedisAI/redisai-go/redisai/client.go:284.8,286.3 1 2
github.com/RedisAI/redisai-go/redisai/client.go:291.94,294.22 3 7
github.com/RedisAI/redisai-go/redisai/client.go:299.2,299.8 1 7
github.com/RedisAI/redisai-go/redisai/client.go:294.22,296.3 1 1
github.com/RedisAI/redisai-go/redisai/client.go:296.8,298.3 1 6
github.com/RedisAI/redisai-go/redisai/client.go:303.87,305.16 2 3
github.com/RedisAI/redisai-go/redisai/client.go:308.2,308.48 1 2
github.com/RedisAI/redisai-go/redisai/client.go:305.16,307.3 1 1
github.com/RedisAI/redisai-go/redisai/client.go:312.99,314.21 2 2
github.com/RedisAI/redisai-go/redisai/client.go:317.2,317.22 1 2
github.com/RedisAI/redisai-go/redisai/client.go:320.2,321.22 2 2
github.com/RedisAI/redisai-go/redisai/client.go:326.2,326.8 1 2
github.com/RedisAI/redisai-go/redisai/client.go:314.21,316.3 1 2
github.com/RedisAI/redisai-go/redisai/client.go:317.22,319.3 1 2
github.com/RedisAI/redisai-go/redisai/client.go:321.22,323.3 1 1
github.com/RedisAI/redisai-go/redisai/client.go:323.8,325.3 1 1
github.com/RedisAI/redisai-go/redisai/client.go:330.96,332.16 2 42
github.com/RedisAI/redisai-go/redisai/client.go:335.2,336.22 2 40
github.com/RedisAI/redisai-go/redisai/client.go:341.2,341.8 1 40
github.com/RedisAI/redisai-go/redisai/client.go:332.16,334.3 1 2
github.com/RedisAI/redisai-go/redisai/client.go:336.22,338.3 1 1
github.com/RedisAI/redisai-go/redisai/client.go:338.8,340.3 1 39
