mode: atomic
github.com/RedisAI/redisai-go/redisai/client.go:17.93,23.2 5 0
github.com/RedisAI/redisai-go/redisai/client.go:26.103,32.16 5 0
github.com/RedisAI/redisai-go/redisai/client.go:35.2,35.39 1 0
github.com/RedisAI/redisai-go/redisai/client.go:32.16,34.3 1 0
github.com/RedisAI/redisai-go/redisai/client.go:40.83,46.16 5 0
github.com/RedisAI/redisai-go/redisai/client.go:49.2,49.37 1 0
github.com/RedisAI/redisai-go/redisai/client.go:46.16,48.3 1 0
github.com/RedisAI/redisai-go/redisai/client.go:53.95,59.16 5 0
github.com/RedisAI/redisai-go/redisai/client.go:62.2,62.37 1 0
github.com/RedisAI/redisai-go/redisai/client.go:59.16,61.3 1 0
github.com/RedisAI/redisai-go/redisai/client.go:66.65,67.23 1 0
github.com/RedisAI/redisai-go/redisai/client.go:70.52,71.23 1 0
github.com/RedisAI/redisai-go/redisai/client.go:74.66,75.23 1 0
github.com/RedisAI/redisai-go/redisai/client.go:78.53,79.23 1 0
github.com/RedisAI/redisai-go/redisai/client.go:82.88,83.23 1 0
github.com/RedisAI/redisai-go/redisai/client.go:87.57,89.17 2 0
github.com/RedisAI/redisai-go/redisai/client.go:99.2,102.10 2 0
github.com/RedisAI/redisai-go/redisai/client.go:89.17,93.44 1 0
github.com/RedisAI/redisai-go/redisai/client.go:93.44,93.73 1 0
github.com/RedisAI/redisai-go/redisai/client.go:95.8,97.3 1 0
github.com/RedisAI/redisai-go/redisai/client.go:107.134,109.21 2 0
github.com/RedisAI/redisai-go/redisai/client.go:112.2,112.22 1 0
github.com/RedisAI/redisai-go/redisai/client.go:115.2,120.16 5 0
github.com/RedisAI/redisai-go/redisai/client.go:123.2,123.17 1 0
github.com/RedisAI/redisai-go/redisai/client.go:126.2,126.12 1 0
github.com/RedisAI/redisai-go/redisai/client.go:109.21,111.3 1 0
github.com/RedisAI/redisai-go/redisai/client.go:112.22,114.3 1 0
github.com/RedisAI/redisai-go/redisai/client.go:120.16,122.3 1 0
github.com/RedisAI/redisai-go/redisai/client.go:123.17,125.3 1 0
github.com/RedisAI/redisai-go/redisai/client.go:130.142,132.16 2 0
github.com/RedisAI/redisai-go/redisai/client.go:135.2,135.65 1 0
github.com/RedisAI/redisai-go/redisai/client.go:132.16,134.3 1 0
github.com/RedisAI/redisai-go/redisai/client.go:139.81,145.16 5 0
github.com/RedisAI/redisai-go/redisai/client.go:148.2,148.17 1 0
github.com/RedisAI/redisai-go/redisai/client.go:151.2,151.12 1 0
github.com/RedisAI/redisai-go/redisai/client.go:145.16,147.3 1 0
github.com/RedisAI/redisai-go/redisai/client.go:148.17,150.3 1 0
github.com/RedisAI/redisai-go/redisai/client.go:155.79,161.16 5 0
github.com/RedisAI/redisai-go/redisai/client.go:164.2,164.17 1 0
github.com/RedisAI/redisai-go/redisai/client.go:167.2,167.12 1 0
github.com/RedisAI/redisai-go/redisai/client.go:161.16,163.3 1 0
github.com/RedisAI/redisai-go/redisai/client.go:164.17,166.3 1 0
github.com/RedisAI/redisai-go/redisai/client.go:171.87,173.16 2 0
github.com/RedisAI/redisai-go/redisai/client.go:176.2,176.40 1 0
github.com/RedisAI/redisai-go/redisai/client.go:173.16,175.3 1 0
github.com/RedisAI/redisai-go/redisai/client.go:180.93,182.21 2 0
github.com/RedisAI/redisai-go/redisai/client.go:185.2,185.22 1 0
github.com/RedisAI/redisai-go/redisai/client.go:188.2,192.16 4 0
github.com/RedisAI/redisai-go/redisai/client.go:195.2,195.17 1 0
github.com/RedisAI/redisai-go/redisai/client.go:198.2,198.12 1 0
github.com/RedisAI/redisai-go/redisai/client.go:182.21,184.3 1 0
github.com/RedisAI/redisai-go/redisai/client.go:185.22,187.3 1 0
github.com/RedisAI/redisai-go/redisai/client.go:192.16,194.3 1 0
github.com/RedisAI/redisai-go/redisai/client.go:195.17,197.3 1 0
github.com/RedisAI/redisai-go/redisai/client.go:202.96,204.17 2 0
github.com/RedisAI/redisai-go/redisai/client.go:207.2,211.16 4 0
github.com/RedisAI/redisai-go/redisai/client.go:214.2,214.17 1 0
github.com/RedisAI/redisai-go/redisai/client.go:217.2,217.12 1 0
github.com/RedisAI/redisai-go/redisai/client.go:204.17,206.3 1 0
github.com/RedisAI/redisai-go/redisai/client.go:211.16,213.3 1 0
github.com/RedisAI/redisai-go/redisai/client.go:214.17,216.3 1 0
github.com/RedisAI/redisai-go/redisai/common.go:85.112,87.24 2 5
github.com/RedisAI/redisai-go/redisai/common.go:90.2,92.15 3 5
github.com/RedisAI/redisai-go/redisai/common.go:122.2,122.13 1 5
github.com/RedisAI/redisai-go/redisai/common.go:87.24,89.3 1 0
github.com/RedisAI/redisai-go/redisai/common.go:93.37,94.32 1 0
github.com/RedisAI/redisai-go/redisai/common.go:95.36,96.14 1 0
github.com/RedisAI/redisai-go/redisai/common.go:97.36,98.14 1 0
github.com/RedisAI/redisai-go/redisai/common.go:99.37,100.14 1 0
github.com/RedisAI/redisai-go/redisai/common.go:101.38,102.14 1 0
github.com/RedisAI/redisai-go/redisai/common.go:103.38,104.14 1 0
github.com/RedisAI/redisai-go/redisai/common.go:105.38,106.14 1 0
github.com/RedisAI/redisai-go/redisai/common.go:107.37,108.14 1 0
github.com/RedisAI/redisai-go/redisai/common.go:109.39,110.14 1 0
github.com/RedisAI/redisai-go/redisai/common.go:111.39,112.14 1 0
github.com/RedisAI/redisai-go/redisai/common.go:113.39,114.14 1 0
github.com/RedisAI/redisai-go/redisai/common.go:115.40,116.14 1 4
github.com/RedisAI/redisai-go/redisai/common.go:117.40,118.42 1 5
github.com/RedisAI/redisai-go/redisai/common.go:119.10,120.13 1 0
github.com/RedisAI/redisai-go/redisai/common.go:125.103,127.24 2 0
github.com/RedisAI/redisai-go/redisai/common.go:130.2,131.21 2 0
github.com/RedisAI/redisai-go/redisai/common.go:134.2,134.22 1 0
github.com/RedisAI/redisai-go/redisai/common.go:137.2,137.13 1 0
github.com/RedisAI/redisai-go/redisai/common.go:127.24,129.3 1 0
github.com/RedisAI/redisai-go/redisai/common.go:131.21,133.3 1 0
github.com/RedisAI/redisai-go/redisai/common.go:134.22,136.3 1 0
github.com/RedisAI/redisai-go/redisai/common.go:141.93,143.18 2 0
github.com/RedisAI/redisai-go/redisai/common.go:147.2,148.16 2 0
github.com/RedisAI/redisai-go/redisai/common.go:151.2,152.16 2 0
github.com/RedisAI/redisai-go/redisai/common.go:155.2,155.13 1 0
github.com/RedisAI/redisai-go/redisai/common.go:180.2,180.8 1 0
github.com/RedisAI/redisai-go/redisai/common.go:143.18,146.3 2 0
github.com/RedisAI/redisai-go/redisai/common.go:148.16,150.3 1 0
github.com/RedisAI/redisai-go/redisai/common.go:152.16,154.3 1 0
github.com/RedisAI/redisai-go/redisai/common.go:156.15,157.17 1 0
github.com/RedisAI/redisai-go/redisai/common.go:158.16,159.18 1 0
github.com/RedisAI/redisai-go/redisai/common.go:160.14,161.16 1 0
github.com/RedisAI/redisai-go/redisai/common.go:162.15,163.17 1 0
github.com/RedisAI/redisai-go/redisai/common.go:164.15,165.17 1 0
github.com/RedisAI/redisai-go/redisai/common.go:166.15,167.17 1 0
github.com/RedisAI/redisai-go/redisai/common.go:168.15,169.17 1 0
github.com/RedisAI/redisai-go/redisai/common.go:170.16,171.18 1 0
github.com/RedisAI/redisai-go/redisai/common.go:172.16,173.18 1 0
github.com/RedisAI/redisai-go/redisai/common.go:174.16,175.18 1 0
github.com/RedisAI/redisai-go/redisai/common.go:176.10,178.9 2 0
github.com/RedisAI/redisai-go/redisai/common.go:183.113,185.18 2 1
github.com/RedisAI/redisai-go/redisai/common.go:189.2,190.16 2 1
github.com/RedisAI/redisai-go/redisai/common.go:193.2,194.16 2 1
github.com/RedisAI/redisai-go/redisai/common.go:197.2,198.16 2 1
github.com/RedisAI/redisai-go/redisai/common.go:201.2,201.13 1 1
github.com/RedisAI/redisai-go/redisai/common.go:226.2,226.8 1 1
github.com/RedisAI/redisai-go/redisai/common.go:185.18,188.3 2 0
github.com/RedisAI/redisai-go/redisai/common.go:190.16,192.3 1 0
github.com/RedisAI/redisai-go/redisai/common.go:194.16,196.3 1 0
github.com/RedisAI/redisai-go/redisai/common.go:198.16,200.3 1 0
github.com/RedisAI/redisai-go/redisai/common.go:202.15,203.17 1 0
github.com/RedisAI/redisai-go/redisai/common.go:204.16,205.18 1 1
github.com/RedisAI/redisai-go/redisai/common.go:206.14,207.16 1 0
github.com/RedisAI/redisai-go/redisai/common.go:208.15,209.17 1 0
github.com/RedisAI/redisai-go/redisai/common.go:210.15,211.17 1 0
github.com/RedisAI/redisai-go/redisai/common.go:212.15,213.17 1 0
github.com/RedisAI/redisai-go/redisai/common.go:214.15,215.17 1 0
github.com/RedisAI/redisai-go/redisai/common.go:216.16,217.18 1 0
github.com/RedisAI/redisai-go/redisai/common.go:218.16,219.18 1 0
github.com/RedisAI/redisai-go/redisai/common.go:220.16,221.18 1 0
github.com/RedisAI/redisai-go/redisai/common.go:222.10,224.9 2 0
github.com/RedisAI/redisai-go/redisai/common.go:232.106,234.18 2 0
github.com/RedisAI/redisai-go/redisai/common.go:238.2,239.16 2 0
github.com/RedisAI/redisai-go/redisai/common.go:242.2,243.16 2 0
github.com/RedisAI/redisai-go/redisai/common.go:246.2,247.16 2 0
github.com/RedisAI/redisai-go/redisai/common.go:250.2,250.13 1 0
github.com/RedisAI/redisai-go/redisai/common.go:275.2,275.8 1 0
github.com/RedisAI/redisai-go/redisai/common.go:234.18,237.3 2 0
github.com/RedisAI/redisai-go/redisai/common.go:239.16,241.3 1 0
github.com/RedisAI/redisai-go/redisai/common.go:243.16,245.3 1 0
github.com/RedisAI/redisai-go/redisai/common.go:247.16,249.3 1 0
github.com/RedisAI/redisai-go/redisai/common.go:251.15,252.17 1 0
github.com/RedisAI/redisai-go/redisai/common.go:253.16,254.18 1 0
github.com/RedisAI/redisai-go/redisai/common.go:255.14,256.16 1 0
github.com/RedisAI/redisai-go/redisai/common.go:257.15,258.17 1 0
github.com/RedisAI/redisai-go/redisai/common.go:259.15,260.17 1 0
github.com/RedisAI/redisai-go/redisai/common.go:261.15,262.17 1 0
github.com/RedisAI/redisai-go/redisai/common.go:263.15,264.17 1 0
github.com/RedisAI/redisai-go/redisai/common.go:265.16,266.18 1 0
github.com/RedisAI/redisai-go/redisai/common.go:267.16,268.18 1 0
github.com/RedisAI/redisai-go/redisai/common.go:269.16,270.18 1 0
github.com/RedisAI/redisai-go/redisai/common.go:271.10,273.9 2 0
github.com/RedisAI/redisai-go/redisai/pipelinedClient.go:18.102,22.25 3 0
github.com/RedisAI/redisai-go/redisai/pipelinedClient.go:26.2,27.16 2 0
github.com/RedisAI/redisai-go/redisai/pipelinedClient.go:32.2,33.16 2 0
github.com/RedisAI/redisai-go/redisai/pipelinedClient.go:36.2,36.18 1 0
github.com/RedisAI/redisai-go/redisai/pipelinedClient.go:22.25,25.3 2 0
github.com/RedisAI/redisai-go/redisai/pipelinedClient.go:27.16,29.3 1 0
github.com/RedisAI/redisai-go/redisai/pipelinedClient.go:33.16,35.3 1 0
github.com/RedisAI/redisai-go/redisai/pipelinedClient.go:39.143,40.23 1 0
github.com/RedisAI/redisai-go/redisai/pipelinedClient.go:43.88,44.23 1 0
github.com/RedisAI/redisai-go/redisai/pipelinedClient.go:47.102,48.23 1 0
github.com/RedisAI/redisai-go/redisai/pipelinedClient.go:51.74,52.23 1 0
github.com/RedisAI/redisai-go/redisai/pipelinedClient.go:55.61,56.23 1 0
github.com/RedisAI/redisai-go/redisai/pipelinedClient.go:59.75,60.23 1 0
github.com/RedisAI/redisai-go/redisai/pipelinedClient.go:63.62,64.23 1 0
github.com/RedisAI/redisai-go/redisai/pipelinedClient.go:67.95,68.23 1 0
github.com/RedisAI/redisai-go/redisai/pipelinedClient.go:72.91,75.17 2 3
github.com/RedisAI/redisai-go/redisai/pipelinedClient.go:85.2,91.15 2 3
github.com/RedisAI/redisai-go/redisai/pipelinedClient.go:97.2,97.10 1 3
github.com/RedisAI/redisai-go/redisai/pipelinedClient.go:75.17,79.44 1 3
github.com/RedisAI/redisai-go/redisai/pipelinedClient.go:79.44,79.73 1 3
github.com/RedisAI/redisai-go/redisai/pipelinedClient.go:81.8,83.3 1 0
github.com/RedisAI/redisai-go/redisai/pipelinedClient.go:91.15,92.26 1 3
github.com/RedisAI/redisai-go/redisai/pipelinedClient.go:92.26,95.4 2 0
github.com/RedisAI/redisai-go/redisai/pipelinedClient.go:101.35,102.25 1 3
github.com/RedisAI/redisai-go/redisai/pipelinedClient.go:102.25,105.3 2 3
github.com/RedisAI/redisai-go/redisai/pipelinedClient.go:109.96,111.25 2 0
github.com/RedisAI/redisai-go/redisai/pipelinedClient.go:115.2,116.16 2 0
github.com/RedisAI/redisai-go/redisai/pipelinedClient.go:121.2,122.16 2 0
github.com/RedisAI/redisai-go/redisai/pipelinedClient.go:125.2,125.12 1 0
github.com/RedisAI/redisai-go/redisai/pipelinedClient.go:111.25,114.3 2 0
github.com/RedisAI/redisai-go/redisai/pipelinedClient.go:116.16,118.3 1 0
github.com/RedisAI/redisai-go/redisai/pipelinedClient.go:122.16,124.3 1 0
github.com/RedisAI/redisai-go/redisai/pipelinedClient.go:129.105,131.17 2 5
github.com/RedisAI/redisai-go/redisai/pipelinedClient.go:134.2,134.25 1 5
github.com/RedisAI/redisai-go/redisai/pipelinedClient.go:137.2,138.16 2 5
github.com/RedisAI/redisai-go/redisai/pipelinedClient.go:143.2,144.16 2 5
github.com/RedisAI/redisai-go/redisai/pipelinedClient.go:147.2,147.12 1 5
github.com/RedisAI/redisai-go/redisai/pipelinedClient.go:131.17,133.3 1 0
github.com/RedisAI/redisai-go/redisai/pipelinedClient.go:134.25,136.3 1 3
github.com/RedisAI/redisai-go/redisai/pipelinedClient.go:138.16,140.3 1 0
github.com/RedisAI/redisai-go/redisai/pipelinedClient.go:144.16,146.3 1 0
github.com/RedisAI/redisai-go/redisai/pipelinedClient.go:150.52,152.25 2 1
github.com/RedisAI/redisai-go/redisai/pipelinedClient.go:156.2,156.12 1 1
github.com/RedisAI/redisai-go/redisai/pipelinedClient.go:152.25,155.3 2 1
github.com/RedisAI/redisai-go/redisai/pipelinedClient.go:159.65,161.40 2 6
github.com/RedisAI/redisai-go/redisai/pipelinedClient.go:165.2,165.16 1 6
github.com/RedisAI/redisai-go/redisai/pipelinedClient.go:168.2,168.12 1 6
github.com/RedisAI/redisai-go/redisai/pipelinedClient.go:161.40,164.3 2 1
github.com/RedisAI/redisai-go/redisai/pipelinedClient.go:165.16,167.3 1 0
github.com/RedisAI/redisai-go/redisai/pipelinedClient.go:172.68,175.25 2 1
github.com/RedisAI/redisai-go/redisai/pipelinedClient.go:179.2,180.16 2 1
github.com/RedisAI/redisai-go/redisai/pipelinedClient.go:185.2,186.16 2 1
github.com/RedisAI/redisai-go/redisai/pipelinedClient.go:189.2,189.12 1 1
github.com/RedisAI/redisai-go/redisai/pipelinedClient.go:175.25,178.3 2 0
github.com/RedisAI/redisai-go/redisai/pipelinedClient.go:180.16,182.3 1 0
github.com/RedisAI/redisai-go/redisai/pipelinedClient.go:186.16,188.3 1 0
